<?xml version="1.0" encoding="UTF-8"?>
<testng-results total="1" passed="1" failed="0" skipped="0">
  <reporter-output>
  </reporter-output>
  <suite started-at="2020-12-17T23:02:07Z" name="Suite TODO" finished-at="2020-12-17T23:02:16Z" duration-ms="8449">
    <groups>
    </groups>
    <test started-at="2020-12-17T23:02:07Z" name="Test" finished-at="2020-12-17T23:02:16Z" duration-ms="8449">
      <class name="com.todos.test.AddTodoTest">
        <test-method is-config="true" signature="setupTest(java.lang.String)[pri:0, instance:com.todos.test.AddTodoTest@1b266842]" started-at="2020-12-18T00:02:07Z" name="setupTest" finished-at="2020-12-18T00:02:13Z" duration-ms="5775" status="PASS">
          <params>
            <param index="0">
              <value>
                <![CDATA[chrome]]>
              </value>
            </param>
          </params>
          <reporter-output>
          </reporter-output>
        </test-method> <!-- setupTest -->
        <test-method signature="iCanAddTodo()[pri:0, instance:com.todos.test.AddTodoTest@1b266842]" started-at="2020-12-18T00:02:13Z" name="iCanAddTodo" finished-at="2020-12-18T00:02:13Z" duration-ms="424" status="PASS">
          <reporter-output>
          </reporter-output>
        </test-method> <!-- iCanAddTodo -->
        <test-method is-config="true" signature="cleanTest()[pri:0, instance:com.todos.test.AddTodoTest@1b266842]" started-at="2020-12-18T00:02:13Z" name="cleanTest" finished-at="2020-12-18T00:02:16Z" duration-ms="2233" status="PASS">
          <reporter-output>
          </reporter-output>
        </test-method> <!-- cleanTest -->
      </class> <!-- com.todos.test.AddTodoTest -->
    </test> <!-- Test -->
  </suite> <!-- Suite TODO -->
</testng-results>
